InitScriptMode luaPackage=False
[core/global.lua:59]:<color=#ffeb04>随机数种子 1281957</color>
[logic/base/CHttpCtrl.lua:32]:http get ->    https://openapi.baidu.com/oauth/2.0/token?grant_type=client_credentials&client_id=cbadGFhCcjh4H0difKnC8P1B&client_secret=3335d6d08034cff3c2f3b1980c050c66&
[logic/ui/CViewCtrl.lua:97]:打开界面UI:CNotifyView ShowView
[logic/ui/CViewBase.lua:149]:CNotifyView LoadDone!
[logic/base/CResCtrl.lua:214]:-->resource init done!!! 9
[core/global.lua:59]:<color=#ffeb04>开始引导检查</color>
[core/table.lua:99]:Table = {}
[core/global.lua:59]:<color=#ffeb04>剩余缓存player： 0 0</color>
[core/global.lua:59]:<color=#ffeb04>剩余缓存npc： 0 0</color>
[core/global.lua:59]:<color=#ffeb04>剩余缓存npc： 0 0</color>
[core/global.lua:59]:<color=#ffeb04>剩余缓存TaskPickItem： 0 0</color>
[core/global.lua:59]:<color=#ffeb04>剩余缓存npc： 0 0</color>
[logic/ui/CViewCtrl.lua:134]:CGuideView CloseView
[logic/ui/CViewCtrl.lua:97]:打开界面UI:CGuideView ShowView
[logic/base/CResCtrl.lua:788]:res gc finish!
[core/global.lua:59]:<color=#ffeb04>res gc skip! m_ReleaseAssetCnt: 0</color>
[logic/ui/CViewCtrl.lua:97]:打开界面UI:CLoginPhoneView ShowView
[core/global.lua:59]:<color=#ffeb04>停止引导检查</color>
[core/global.lua:59]:<color=#ffeb04>CLoginPhoneView.RefreshUI 销毁m_MainNetObj</color>
[logic/ui/CViewCtrl.lua:134]:CRoleCreateView CloseView
[core/global.lua:59]:<color=#ffeb04>技术版本号：App:1.0.0.0 Res:1.5.6.0 v0</color>
[logic/ui/CViewBase.lua:149]:CLoginPhoneView LoadDone!
[logic/ui/CViewBase.lua:149]:CGuideView LoadDone!
[logic/ui/CViewCtrl.lua:97]:打开界面UI:CGMShopMainView ShowView
[logic/ui/CViewBase.lua:149]:CGMShopMainView LoadDone!
[logic/ui/CViewCtrl.lua:134]:CGMShopMainView CloseView
[core/table.lua:99]:CommonProcess-> = {
   cb = "function: 0x607b9a08"
   json_result = true
   timer = 12
}
[logic/audio/CSpeechCtrl.lua:67]:OnTokenGet err
[logic/ui/CViewCtrl.lua:97]:打开界面UI:CUserAgreementView ShowView
[logic/ui/CViewBase.lua:149]:CUserAgreementView LoadDone!
[logic/ui/CViewCtrl.lua:134]:CUserAgreementView CloseView
[logic/ui/CViewCtrl.lua:97]:打开界面UI:CServerSelectPhoneView ShowView
[logic/ui/CViewBase.lua:149]:CServerSelectPhoneView LoadDone!
[logic/ui/CViewCtrl.lua:134]:CServerSelectPhoneView CloseView
[logic/ui/CViewCtrl.lua:97]:打开界面UI:CServerSelectPhoneView ShowView
[logic/ui/CViewBase.lua:149]:CServerSelectPhoneView LoadDone!
[net/CNetCtrl.lua:139]:尝试连接    192.168.8.46    27013
[net/CNetCtrl.lua:139]:尝试连接    192.168.8.46    7011
由于目标计算机积极拒绝，无法连接。

  at System.Net.Sockets.Socket+SocketAsyncResult.CheckIfThrowDelayedException () [0x00000] in <filename unknown>:0 
  at System.Net.Sockets.Socket.EndConnect (IAsyncResult result) [0x00000] in <filename unknown>:0 
  at TcpClient.OnConnect (IAsyncResult ar) [0x00016] in D:\workspace\H7\client\client1\Assets\Scripts\Net\Tcp\TcpClient.cs:170 
TCP Receive Error! 未与服务器建立连接
  at TcpClient.Receive () [0x0000b] in D:\workspace\H7\client\client1\Assets\Scripts\Net\Tcp\TcpClient.cs:186 
[net/CNetCtrl.lua:139]:尝试连接    192.168.8.46    27011
由于目标计算机积极拒绝，无法连接。

  at System.Net.Sockets.Socket+SocketAsyncResult.CheckIfThrowDelayedException () [0x00000] in <filename unknown>:0 
  at System.Net.Sockets.Socket.EndConnect (IAsyncResult result) [0x00000] in <filename unknown>:0 
  at TcpClient.OnConnect (IAsyncResult ar) [0x00016] in D:\workspace\H7\client\client1\Assets\Scripts\Net\Tcp\TcpClient.cs:170 
TCP Receive Error! 未与服务器建立连接
  at TcpClient.Receive () [0x0000b] in D:\workspace\H7\client\client1\Assets\Scripts\Net\Tcp\TcpClient.cs:186 
[logic/ui/CViewCtrl.lua:97]:打开界面UI:CWindowComfirmView ShowView
