由于目标计算机积极拒绝，无法连接。

  at System.Net.Sockets.Socket+SocketAsyncResult.CheckIfThrowDelayedException () [0x00000] in <filename unknown>:0 
  at System.Net.Sockets.Socket.EndConnect (IAsyncResult result) [0x00000] in <filename unknown>:0 
  at TcpClient.OnConnect (IAsyncResult ar) [0x00016] in D:\workspace\H7\client\client1\Assets\Scripts\Net\Tcp\TcpClient.cs:170 
UnityEngine.Debug:LogError(Object)
GameDebug:LogError(String, String) (at Assets/Standard Assets/GameFramework/Helper/GameDebug.cs:142)
GameDebug:CallUpdate() (at Assets/Standard Assets/GameFramework/Helper/GameDebug.cs:101)
LuaMain:Update() (at Assets/Scripts/LuaMain.cs:96)


由于目标计算机积极拒绝，无法连接。

  at System.Net.Sockets.Socket+SocketAsyncResult.CheckIfThrowDelayedException () [0x00000] in <filename unknown>:0 
  at System.Net.Sockets.Socket.EndConnect (IAsyncResult result) [0x00000] in <filename unknown>:0 
  at TcpClient.OnConnect (IAsyncResult ar) [0x00016] in D:\workspace\H7\client\client1\Assets\Scripts\Net\Tcp\TcpClient.cs:170 

TCP Receive Error! 未与服务器建立连接
  at TcpClient.Receive () [0x0000b] in D:\workspace\H7\client\client1\Assets\Scripts\Net\Tcp\TcpClient.cs:186 
UnityEngine.Debug:LogError(Object)
GameDebug:LogError(String, String) (at Assets/Standard Assets/GameFramework/Helper/GameDebug.cs:142)
GameDebug:CallUpdate() (at Assets/Standard Assets/GameFramework/Helper/GameDebug.cs:101)
LuaMain:Update() (at Assets/Scripts/LuaMain.cs:96)


TCP Receive Error! 未与服务器建立连接
  at TcpClient.Receive () [0x0000b] in D:\workspace\H7\client\client1\Assets\Scripts\Net\Tcp\TcpClient.cs:186 

由于目标计算机积极拒绝，无法连接。

  at System.Net.Sockets.Socket+SocketAsyncResult.CheckIfThrowDelayedException () [0x00000] in <filename unknown>:0 
  at System.Net.Sockets.Socket.EndConnect (IAsyncResult result) [0x00000] in <filename unknown>:0 
  at TcpClient.OnConnect (IAsyncResult ar) [0x00016] in D:\workspace\H7\client\client1\Assets\Scripts\Net\Tcp\TcpClient.cs:170 
UnityEngine.Debug:LogError(Object)
GameDebug:LogError(String, String) (at Assets/Standard Assets/GameFramework/Helper/GameDebug.cs:142)
GameDebug:CallUpdate() (at Assets/Standard Assets/GameFramework/Helper/GameDebug.cs:101)
LuaMain:Update() (at Assets/Scripts/LuaMain.cs:96)


由于目标计算机积极拒绝，无法连接。

  at System.Net.Sockets.Socket+SocketAsyncResult.CheckIfThrowDelayedException () [0x00000] in <filename unknown>:0 
  at System.Net.Sockets.Socket.EndConnect (IAsyncResult result) [0x00000] in <filename unknown>:0 
  at TcpClient.OnConnect (IAsyncResult ar) [0x00016] in D:\workspace\H7\client\client1\Assets\Scripts\Net\Tcp\TcpClient.cs:170 

TCP Receive Error! 未与服务器建立连接
  at TcpClient.Receive () [0x0000b] in D:\workspace\H7\client\client1\Assets\Scripts\Net\Tcp\TcpClient.cs:186 
UnityEngine.Debug:LogError(Object)
GameDebug:LogError(String, String) (at Assets/Standard Assets/GameFramework/Helper/GameDebug.cs:142)
GameDebug:CallUpdate() (at Assets/Standard Assets/GameFramework/Helper/GameDebug.cs:101)
LuaMain:Update() (at Assets/Scripts/LuaMain.cs:96)


TCP Receive Error! 未与服务器建立连接
  at TcpClient.Receive () [0x0000b] in D:\workspace\H7\client\client1\Assets\Scripts\Net\Tcp\TcpClient.cs:186 

