InitScriptMode luaPackage=False
[core/global.lua:59]:<color=#ffeb04>随机数种子 5523229</color>
[logic/audio/CSpeechCtrl.lua:35]:CSpeechCtrl.GetTokenFromLocal    1563553255    1566144591
[logic/ui/CViewCtrl.lua:97]:打开界面UI:CNotifyView ShowView
[logic/ui/CViewBase.lua:149]:CNotifyView LoadDone!
[logic/base/CResCtrl.lua:214]:-->resource init done!!! 9
[core/global.lua:59]:<color=#ffeb04>开始引导检查</color>
[core/table.lua:99]:Table = {}
[core/global.lua:59]:<color=#ffeb04>剩余缓存player： 0 0</color>
[core/global.lua:59]:<color=#ffeb04>剩余缓存npc： 0 0</color>
[core/global.lua:59]:<color=#ffeb04>剩余缓存npc： 0 0</color>
[core/global.lua:59]:<color=#ffeb04>剩余缓存TaskPickItem： 0 0</color>
[core/global.lua:59]:<color=#ffeb04>剩余缓存npc： 0 0</color>
[logic/ui/CViewCtrl.lua:134]:CGuideView CloseView
[logic/ui/CViewCtrl.lua:97]:打开界面UI:CGuideView ShowView
[logic/base/CResCtrl.lua:788]:res gc finish!
[core/global.lua:59]:<color=#ffeb04>res gc skip! m_ReleaseAssetCnt: 0</color>
[logic/ui/CViewCtrl.lua:97]:打开界面UI:CLoginPhoneView ShowView
[core/global.lua:59]:<color=#ffeb04>停止引导检查</color>
[logic/ui/CViewBase.lua:149]:CGuideView LoadDone!
[core/global.lua:59]:<color=#ffeb04>CLoginPhoneView.RefreshUI 销毁m_MainNetObj</color>
[logic/ui/CViewCtrl.lua:134]:CRoleCreateView CloseView
[core/global.lua:59]:<color=#ffeb04>技术版本号：App:1.0.0.0 Res:1.5.6.0 v0</color>
[logic/ui/CViewBase.lua:149]:CLoginPhoneView LoadDone!
[logic/ui/CViewCtrl.lua:97]:打开界面UI:CServerSelectPhoneView ShowView
[logic/ui/CViewBase.lua:149]:CServerSelectPhoneView LoadDone!
[net/CNetCtrl.lua:139]:尝试连接    192.168.0.95    7012
[core/table.lua:99]:--> Net Receive: login.GS2CHello = {
   time = 1563553170
}
[core/table.lua:99]:<-- Net Send: login.C2GSQueryLogin = {
   res_file_version = {}
}
[logic/misc/CTimeCtrl.lua:80]:同步服务器时间    2019/07/20 00:19:30
[core/table.lua:99]:<-- Net Send: login.C2GSLoginAccount = {
   account = "lw1"
   app_ver = 26
   client_ver = "5.6.0"
   device = "TM1801 (TIMI)"
   imei = ""
   mac = "D8-C4-97-6F-7A-B2"
   os = "Windows 10  (10.0.0) 64bit"
   platform = 4
   udid = "c9d155c78dde0202d5856a6f027ee9d25f28cdee"
}
[core/global.lua:59]:<color=#ffeb04>更新代码 Utils.UpdateCode </color>
[net/CNetCtrl.lua:139]:尝试连接    192.168.0.95    27012
[core/table.lua:99]:--> Net Receive: login.GS2CHello = {
   time = 1563553173
}
[core/table.lua:99]:<-- Net Send: login.C2GSQueryLogin = {
   res_file_version = {}
}
[logic/misc/CTimeCtrl.lua:80]:同步服务器时间    2019/07/20 00:19:33
[core/table.lua:99]:<-- Net Send: login.C2GSLoginAccount = {
   account = "lw1"
   app_ver = 26
   client_ver = "5.6.0"
   device = "TM1801 (TIMI)"
   imei = ""
   mac = "D8-C4-97-6F-7A-B2"
   os = "Windows 10  (10.0.0) 64bit"
   platform = 4
   udid = "c9d155c78dde0202d5856a6f027ee9d25f28cdee"
}
[core/global.lua:59]:<color=#ffeb04>更新代码 Utils.UpdateCode </color>
[logic/ui/CViewCtrl.lua:134]:CServerSelectPhoneView CloseView
[logic/ui/CViewCtrl.lua:97]:打开界面UI:CWindowComfirmView ShowView
