InitScriptMode luaPackage=False
[core/global.lua:59]:<color=#ffeb04>随机数种子 1143229</color>
[logic/audio/CSpeechCtrl.lua:35]:CSpeechCtrl.GetTokenFromLocal    1563553411    1566144591
[logic/ui/CViewCtrl.lua:97]:打开界面UI:CNotifyView ShowView
[logic/base/CResCtrl.lua:214]:-->resource init done!!! 9
[logic/ui/CViewBase.lua:149]:CNotifyView LoadDone!
[core/global.lua:59]:<color=#ffeb04>开始引导检查</color>
[core/table.lua:99]:Table = {}
[core/global.lua:59]:<color=#ffeb04>剩余缓存player： 0 0</color>
[core/global.lua:59]:<color=#ffeb04>剩余缓存npc： 0 0</color>
[core/global.lua:59]:<color=#ffeb04>剩余缓存npc： 0 0</color>
[core/global.lua:59]:<color=#ffeb04>剩余缓存TaskPickItem： 0 0</color>
[core/global.lua:59]:<color=#ffeb04>剩余缓存npc： 0 0</color>
[logic/ui/CViewCtrl.lua:134]:CGuideView CloseView
[logic/ui/CViewCtrl.lua:97]:打开界面UI:CGuideView ShowView
[logic/base/CResCtrl.lua:788]:res gc finish!
[core/global.lua:59]:<color=#ffeb04>res gc skip! m_ReleaseAssetCnt: 0</color>
[logic/ui/CViewCtrl.lua:97]:打开界面UI:CLoginPhoneView ShowView
[core/global.lua:59]:<color=#ffeb04>停止引导检查</color>
[logic/ui/CViewBase.lua:149]:CGuideView LoadDone!
[core/global.lua:59]:<color=#ffeb04>CLoginPhoneView.RefreshUI 销毁m_MainNetObj</color>
[logic/ui/CViewCtrl.lua:134]:CRoleCreateView CloseView
[core/global.lua:59]:<color=#ffeb04>技术版本号：App:1.0.0.0 Res:1.5.6.0 v0</color>
[logic/ui/CViewBase.lua:149]:CLoginPhoneView LoadDone!
[net/CNetCtrl.lua:139]:尝试连接    119.130.207.108    27011
[core/table.lua:99]:--> Net Receive: login.GS2CHello = {
   time = 1563552043
}
[core/table.lua:99]:<-- Net Send: login.C2GSQueryLogin = {
   res_file_version = {}
}
[logic/misc/CTimeCtrl.lua:80]:同步服务器时间    2019/07/20 00:00:43
[core/table.lua:99]:--> Net Receive: other.GS2COnline = {
   pid = 1008
}
[net/CNetCtrl.lua:139]:尝试连接    119.130.207.108    7011
[core/table.lua:99]:--> Net Receive: login.GS2CHello = {
   time = 1563552046
}
[core/table.lua:99]:<-- Net Send: login.C2GSQueryLogin = {
   res_file_version = {}
}
[logic/misc/CTimeCtrl.lua:80]:同步服务器时间    2019/07/20 00:00:46
[core/table.lua:99]:--> Net Receive: other.GS2COnline = {
   pid = 1008
}
[net/CNetCtrl.lua:139]:尝试连接    119.130.207.108    7011
[core/table.lua:99]:--> Net Receive: login.GS2CHello = {
   time = 1563552112
}
[core/table.lua:99]:<-- Net Send: login.C2GSQueryLogin = {
   res_file_version = {}
}
[logic/misc/CTimeCtrl.lua:80]:同步服务器时间    2019/07/20 00:01:52
[core/table.lua:99]:--> Net Receive: other.GS2COnline = {
   pid = 1008
}
[logic/ui/CViewCtrl.lua:97]:打开界面UI:CWindowComfirmView ShowView
