InitScriptMode luaPackage=False
[core/global.lua:59]:<color=#ffeb04>随机数种子 445565</color>
[logic/audio/CSpeechCtrl.lua:35]:CSpeechCtrl.GetTokenFromLocal    1692672543    1566144591
[logic/base/CHttpCtrl.lua:32]:http get ->    https://openapi.baidu.com/oauth/2.0/token?grant_type=client_credentials&client_id=cbadGFhCcjh4H0difKnC8P1B&client_secret=3335d6d08034cff3c2f3b1980c050c66&
[logic/ui/CViewCtrl.lua:97]:打开界面UI:CNotifyView ShowView
[core/table.lua:99]:CommonProcess-> = {
   cb = "function: 0x4f793210"
   json_result = true
   timer = 1012
}
[logic/audio/CSpeechCtrl.lua:67]:OnTokenGet err
[logic/base/CResCtrl.lua:214]:-->resource init done!!! 9
[logic/ui/CViewBase.lua:149]:CNotifyView LoadDone!
[core/global.lua:59]:<color=#ffeb04>开始引导检查</color>
[core/table.lua:99]:Table = {}
[core/global.lua:59]:<color=#ffeb04>剩余缓存player： 0 0</color>
[core/global.lua:59]:<color=#ffeb04>剩余缓存npc： 0 0</color>
[core/global.lua:59]:<color=#ffeb04>剩余缓存npc： 0 0</color>
[core/global.lua:59]:<color=#ffeb04>剩余缓存TaskPickItem： 0 0</color>
[core/global.lua:59]:<color=#ffeb04>剩余缓存npc： 0 0</color>
[logic/ui/CViewCtrl.lua:134]:CGuideView CloseView
[logic/ui/CViewCtrl.lua:97]:打开界面UI:CGuideView ShowView
[logic/base/CResCtrl.lua:788]:res gc finish!
[core/global.lua:59]:<color=#ffeb04>res gc skip! m_ReleaseAssetCnt: 0</color>
[logic/ui/CViewCtrl.lua:97]:打开界面UI:CLoginPhoneView ShowView
[core/global.lua:59]:<color=#ffeb04>停止引导检查</color>
[logic/ui/CViewBase.lua:149]:CGuideView LoadDone!
[core/global.lua:59]:<color=#ffeb04>CLoginPhoneView.RefreshUI 销毁m_MainNetObj</color>
[logic/ui/CViewCtrl.lua:134]:CRoleCreateView CloseView
[core/global.lua:59]:<color=#ffeb04>技术版本号：App:1.0.0.0 Res:1.5.6.0 v0</color>
[logic/ui/CViewBase.lua:149]:CLoginPhoneView LoadDone!
[net/CNetCtrl.lua:139]:尝试连接    47.92.37.250    27013
[core/table.lua:99]:--> Net Receive: login.GS2CHello = {
   time = 1692672605
}
[core/table.lua:99]:<-- Net Send: login.C2GSQueryLogin = {
   res_file_version = {}
}
[logic/misc/CTimeCtrl.lua:80]:同步服务器时间    2023/08/22 10:50:05
[core/table.lua:99]:<-- Net Send: login.C2GSLoginAccount = {
   account = "QQYGKJ123"
   app_ver = 26
   client_ver = "5.6.0"
   device = "System Product Name (System manufacturer)"
   imei = ""
   mac = "00-FF-92-D5-BA-48"
   os = "Windows 10  (10.0.0) 64bit"
   platform = 4
   udid = "2352dd59af076628674edb035405b344e0cfb481"
}
[core/global.lua:59]:<color=#ffeb04>更新代码 Utils.UpdateCode </color>
[core/table.lua:99]:--> Net Receive: login.GS2CInviteCodeResult = {}
[core/table.lua:99]:--> Net Receive: login.GS2CLoginAccount = {
   account = "QQYGKJ123"
}
[core/global.lua:59]:<color=#ffeb04>剩余缓存player： 60 60</color>
[core/global.lua:59]:<color=#ffeb04>剩余缓存npc： 60 60</color>
[core/global.lua:59]:<color=#ffeb04>剩余缓存npc： 0 0</color>
[core/global.lua:59]:<color=#ffeb04>剩余缓存TaskPickItem： 0 0</color>
[core/global.lua:59]:<color=#ffeb04>剩余缓存npc： 0 0</color>
[logic/ui/CViewCtrl.lua:134]:CGuideView CloseView
[logic/ui/CViewCtrl.lua:97]:打开界面UI:CGuideView ShowView
[logic/base/CResCtrl.lua:788]:res gc finish!
[core/global.lua:59]:<color=#ffeb04>res gc skip! m_ReleaseAssetCnt: 0</color>
[logic/ui/CViewCtrl.lua:134]:CRoleCreateView CloseView
[logic/ui/CViewBase.lua:149]:CGuideView LoadDone!
[logic/ui/CViewCtrl.lua:134]:CGuideView CloseView
[logic/ui/CViewCtrl.lua:134]:CLoginPhoneView CloseView
[logic/ui/CViewCtrl.lua:97]:打开界面UI:CRoleCreateView ShowView
[core/global.lua:59]:<color=#ffeb04>CRoleCreateSceneNew.ShowActorMove5</color>
[core/global.lua:59]:<color=#ffeb04>表现这个角色:5</color>
[logic/ui/CViewBase.lua:149]:CRoleCreateView LoadDone!
[core/global.lua:59]:<color=#ffeb04>创建角色: school = 4, roleType = 5 Name = 秦遇晓♂ oServerKey =  nil</color>
[core/table.lua:99]:<-- Net Send: login.C2GSCreateRole = {
   name = "秦遇晓♂"
   role_type = 5
   school = 4
}
[core/table.lua:99]:<-- Net Send: other.C2GSOpSession = {
   session = 1557
}
[core/table.lua:99]:--> Net Receive: login.GS2CCreateRole = {
   account = "QQYGKJ123"
   create_time = 1692672613
   role = {
      icon = 1210
      model_info = {
         color = {
            [1] = 0
         }
         shape = 1210
      }
      name = "秦遇晓♂"
      pid = 10001
      school = 4
   }
}
[logic/ui/CViewCtrl.lua:134]:CRoleCreateView CloseView
[core/table.lua:99]:<-- Net Send: login.C2GSLoginRole = {
   pid = 10001
}
[core/table.lua:99]:--> Net Receive: other.GS2COpSessionResponse = {
   session = "1557"
}
[core/table.lua:99]:--> Net Receive: notify.GS2CNotify = {
   cmd = "获得@goldcoin@150000#n#cur_2"
}
[core/table.lua:99]:--> Net Receive: chat.GS2CConsumeMsg = {
   content = "获得@goldcoin@150000#n#cur_2"
   type = 6
}
[core/table.lua:99]:--> Net Receive: wing.GS2CLoginWing = {
   info = {
      mask = "37fffc"
   }
}
[core/table.lua:99]:--> Net Receive: login.GS2CLoginRole = {
   account = "QQYGKJ123"
   create_time = 1692672613
   is_gm = 1
   pid = 10001
   role = {
      critical_multiple = 2
      cure_power = 10
      engage_info = {}
      hp = 200
      icon = 1210
      mag_attack = 80
      mag_defense = 60
      mask = "1fc3ffffffffffffffe"
      max_hp = 200
      max_mp = 230
      max_sp = 150
      model_info = {
         color = {
            [1] = 0
         }
         shape = 1210
      }
      model_info_changed = {
         color = {
            [1] = 0
         }
         shape = 1210
      }
      mp = 230
      name = "秦遇晓♂"
      phy_attack = 100
      phy_critical_ratio = 3
      phy_defense = 50
      position = "未知"
      position_hide = 1
      prop_info = {
         [1] = {
            base = 50000
            name = "phy_defense"
         }
         [2] = {
            base = 230000
            name = "max_mp"
         }
         [3] = {
            base = 200000
            name = "max_hp"
         }
         [4] = {
            base = 70000
            name = "speed"
         }
         [5] = {
            base = 100000
            name = "phy_attack"
         }
         [6] = {
            base = 80000
            name = "mag_attack"
         }
         [7] = {
            base = 60000
            name = "mag_defense"
         }
      }
      rplgoldcoin = 150000
      school = 4
      score = 30
      sex = 1
      show_id = 10001
      speed = 70
      title_info = {}
      title_info_changed = {}
   }
   role_token = "16926726130001"
}
[core/global.lua:59]:<color=#ffeb04>剩余缓存player： 60 60</color>
[core/global.lua:59]:<color=#ffeb04>剩余缓存npc： 60 60</color>
[core/global.lua:59]:<color=#ffeb04>剩余缓存npc： 0 0</color>
[core/global.lua:59]:<color=#ffeb04>剩余缓存TaskPickItem： 0 0</color>
[core/global.lua:59]:<color=#ffeb04>剩余缓存npc： 0 0</color>
[logic/ui/CViewCtrl.lua:134]:CGuideView CloseView
[logic/ui/CViewCtrl.lua:97]:打开界面UI:CGuideView ShowView
[logic/ui/CViewCtrl.lua:134]:CLoginPhoneView CloseView
[logic/ui/CViewCtrl.lua:134]:CServerSelectPhoneView CloseView
[logic/ui/CViewCtrl.lua:134]:CUserAgreementView CloseView
[logic/ui/CViewCtrl.lua:134]:CUpdateNoticeView CloseView
[logic/ui/CViewCtrl.lua:134]:CRoleCreateView CloseView
[logic/ui/CViewCtrl.lua:134]:CSoccerWorldCupMainView CloseView
[logic/ui/CViewCtrl.lua:134]:CMainMenuView CloseView
[logic/ui/CViewCtrl.lua:97]:打开界面UI:CMainMenuView ShowView
[logic/misc/CTimeCtrl.lua:64]:HeartBeat-->开启心跳包检测
[core/global.lua:59]:<color=#ffeb04>开始引导检查</color>
[core/table.lua:99]:Table = {}
[core/table.lua:99]:<-- Net Send: openui.C2GSOpenScheduleUI = {}
[core/table.lua:99]:<-- Net Send: other.C2GSOpSession = {
   session = 1573
}
[core/table.lua:99]:<-- Net Send: redpacket.C2GSQueryAll = {
   channel = 101
}
[core/table.lua:99]:--> Net Receive: player.GS2CServerGradeInfo = {
   days = 1
   server_grade = 85
   server_type = "gs"
}
[core/table.lua:99]:--> Net Receive: scene.GS2CShowScene = {
   map_id = 304000
   scene_id = 7
   scene_name = "瑶池"
   x = 10700
   y = 5500
}
[core/global.lua:59]:<color=#ffeb04>剩余缓存player： 60 60</color>
[core/global.lua:59]:<color=#ffeb04>剩余缓存npc： 60 60</color>
[core/global.lua:59]:<color=#ffeb04>剩余缓存npc： 0 0</color>
[core/global.lua:59]:<color=#ffeb04>剩余缓存TaskPickItem： 0 0</color>
[core/global.lua:59]:<color=#ffeb04>剩余缓存npc： 0 0</color>
[logic/ui/CViewBase.lua:149]:CGuideView LoadDone!
[core/global.lua:59]:<color=#ffeb04>停止引导检查</color>
[core/table.lua:99]:--> Net Receive: scene.GS2CEnterScene = {
   eid = 3
   pos_info = {
      v = 2800
      x = 10700
      y = 5500
   }
   scene_id = 7
}
[core/table.lua:99]:--> Net Receive: task.GS2CAddTask = {
   taskdata = {
      create_time = 1692672613
      detaildesc = "此去经年，道祖法旨召门徒，惜别授业恩师"
      name = "师命"
      target = 5240
      targetdesc = "此去经年，道祖法旨召门徒，惜别授业恩师"
      taskid = 10039
      tasktype = 1
   }
}
[core/table.lua:99]:self.m_AceTaskNotify数据 = {
   [61001] = 0
   [62000] = 0
   [80001] = 0
}
[core/table.lua:99]:--> Net Receive: player.GS2CSetGhostEye = {}
[core/table.lua:99]:--> Net Receive: item.GS2CLoginItem = {}
[core/table.lua:99]:--> Net Receive: skill.GS2CLoginSkill = {
   active_skill = {
      [1] = {
         level = 1
         needpoint = 2
         sk = 1400
         type = 2
      }
   }
   passive_skill = {
      [1] = {
         needmoney = 206
         sk = 2401
         type = 2
      }
      [2] = {
         needmoney = 206
         sk = 2402
         type = 2
      }
      [3] = {
         needmoney = 206
         sk = 2403
         type = 2
      }
      [4] = {
         needmoney = 206
         sk = 2404
         type = 2
      }
      [5] = {
         needmoney = 206
         sk = 2405
         type = 2
      }
      [6] = {
         needmoney = 206
         sk = 2406
         type = 2
      }
   }
}
[core/table.lua:99]:--> Net Receive: skill.GS2CMarrySkill = {}
[core/table.lua:99]:--> Net Receive: task.GS2CLoginTask = {
   taskdata = {
      [1] = {
         create_time = 1692672613
         detaildesc = "此去经年，道祖法旨召门徒，惜别授业恩师"
         name = "师命"
         target = 5240
         targetdesc = "此去经年，道祖法旨召门徒，惜别授业恩师"
         taskid = 10039
         tasktype = 1
      }
   }
}
[core/global.lua:59]:<color=#ffeb04>============== {['clientExtStr']="submitnpc:School",['goalDesc']="此去经年，道祖法旨召门徒，惜别授业恩师",['linkid']=1,['chapter_progress']={},['type']=2,['chapter_mark']={},['submitNpcId']=0,['tips']=0,['tasktype']=1,['acceptNpcId']=0,['submitRewardStr']={[1]="R2000"},['name']="师命",['description']="此去经年，道祖法旨召门徒，惜别授业恩师"} 2</color>
[core/table.lua:99]:--> Net Receive: task.GS2CShimenInfo = {}
[core/table.lua:99]:self.m_AceTaskNotify数据 = {
   [61001] = 0
   [62000] = 0
   [80001] = 0
}
[core/table.lua:99]:CTaskCtrl.GS2CShimenInfo = {}
[core/table.lua:99]:--> Net Receive: task.GS2CLoginStoryInfo = {
   chapter_section = {}
}
[core/table.lua:99]:CTaskCtrl.GS2CLoginStoryInfo = {
   chapter_section = {}
}
[core/table.lua:99]:--> Net Receive: task.GS2CLoginUnlockedTags = {}
[core/table.lua:99]:--> Net Receive: task.GS2CAcceptableTasks = {}
[core/table.lua:99]:self.m_AceTaskNotify数据 = {
   [61001] = 0
   [62000] = 0
   [80001] = 0
}
[core/table.lua:99]:--> Net Receive: task.GS2CAllEverydayTaskInfo = {
   all = {
      [1] = {
         taskid = 1
      }
   }
}
[core/table.lua:99]:--> Net Receive: player.GS2CAssistExp = {
   max_assist_exp = 100000
}
[core/table.lua:99]:--> Net Receive: warehouse.GS2CWareHouseInfo = {
   namelist = {
      [1] = "仓库1"
      [2] = "仓库2"
   }
   size = 2
}
[core/table.lua:99]:--> Net Receive: player.GS2CSysConfig = {}
[core/table.lua:99]:服务器下发系统设置数据: = {}
[core/global.lua:59]:<color=#ffeb04>登录系统设置生效</color>
[core/table.lua:99]:--> Net Receive: player.GS2CGamePushConfig = {}
[core/table.lua:99]:--> Net Receive: team.GS2CRefreshWarCmd = {
   warcmds = {
      [1] = {
         type = 1
      }
      [2] = {
         type = 2
      }
   }
}
[core/table.lua:99]:--> Net Receive: player.GS2CSyncTesterKeys = {}
[core/global.lua:59]:<color=#ffeb04>=============== 关闭引导</color>
[core/global.lua:59]:<color=#ffeb04>=============== 关闭系统</color>
[core/table.lua:99]:--> Net Receive: huodong.GS2CAllGrowInfo = {}
[core/table.lua:99]:--> Net Receive: openui.GS2CRefreshFubenRewardCnt = {
   reward_list = {
      [1] = {
         fuben_id = 10002
      }
      [2] = {
         fuben_id = 10001
      }
      [3] = {
         fuben_id = 20002
      }
      [4] = {
         fuben_id = 20001
      }
   }
}
[core/table.lua:99]:--> Net Receive: task.GS2CZhenmoRefresh = {
   is_newday = 1
}
[core/table.lua:99]:--> Net Receive: player.GS2CLoginShiZhuang = {
   szlist = {
      [1] = {}
   }
}
[core/table.lua:99]:--> Net Receive: player.GS2CLoginGradeGiftInfo = {}
[core/table.lua:99]:--> Net Receive: player.GS2CLoginPreopenGiftInfo = {}
[core/table.lua:99]:--> Net Receive: summon.GS2CLoginSummon = {}
[core/table.lua:99]:--> Net Receive: summon.GS2CSummonFollow = {}
[core/table.lua:99]:--> Net Receive: openui.GS2CSchedule = {
   curtime = 1692672613
   db_point_limit = 600
   hdlist = {
      [1] = {
         scheduleid = 1021
         state = 2
         time = "10:30"
      }
      [2] = {
         scheduleid = 1020
         state = 1
         time = "20:30"
      }
      [3] = {
         scheduleid = 1018
         state = 1
         time = "19:15"
      }
      [4] = {
         scheduleid = 1036
         state = 2
         time = "00:00"
      }
      [5] = {
         scheduleid = 1019
         state = 1
         time = "12:45"
      }
   }
}
[core/global.lua:59]:<color=#ffeb04>===============redpointSta====== false</color>
[core/table.lua:99]:--> Net Receive: state.GS2CAddState = {
   state_info = {
      data = {
         [1] = {
            key = "ratio"
         }
      }
      desc = "服务器等级较高，升级享受额外经验加成。"
      hide = "1"
      name = "服务器加成"
      state_id = 1006
   }
}
[core/table.lua:99]:--> Net Receive: state.GS2CLoginState = {
   state_info = {
      [1] = {
         data = {
            [1] = {
               key = "ratio"
            }
         }
         desc = "服务器等级较高，升级享受额外经验加成。"
         hide = "1"
         name = "服务器加成"
         state_id = 1006
      }
      [2] = {
         data = {
            [1] = {
               key = "count"
               value = 99999
            }
         }
         desc = "战斗结束时自动恢复人物、伙伴和宠物的气血和法力"
         hide = "0"
         name = "饱食"
         state_id = 1003
      }
   }
}
[logic/map/CMapCtrl.lua:449]:MapLoadDone,    3040    3040    nil
[core/global.lua:59]:<color=#ffeb04>CMapCtrl.GetSpecialConfig==>警告：当前不存在的配置数据，请检查是否错误文件路径 E:/UnityProjects/Project/client/Assets/GameRes/Map2d/ConfigData/water_3040.bytes</color>
[core/global.lua:59]:<color=#ffeb04>CMapCtrl.GetSpecialConfig==>警告：当前不存在的配置数据，请检查是否错误文件路径 E:/UnityProjects/Project/client/Assets/GameRes/Map2d/ConfigData/waterline_3040.bytes</color>
[logic/misc/CTimeCtrl.lua:80]:同步服务器时间    2023/08/22 10:50:14
[logic/misc/CTimeCtrl.lua:38]:HeartBeat->心跳包检测正常
[core/table.lua:99]:--> Net Receive: partner.GS2CLoginPartner = {
   lineup = 1
}
[core/table.lua:99]:--> Net Receive: title.GS2CTitleInfoList = {}
[core/table.lua:99]:--> Net Receive: fabao.GS2CAllFaBao = {}
[core/table.lua:99]:--> Net Receive: formation.GS2CAllFormationInfo = {
   fmt_curr = 1
   fmt_learn_limit = 2
   fmt_list = {
      [1] = {
         fmt_id = 1
         grade = 1
      }
   }
}
[core/table.lua:99]:--> Net Receive: player.GS2CPromote = {
   radio = {
      [1] = 10000
      [10] = 0
      [11] = 0
      [12] = 0
      [13] = 0
      [14] = 0
      [15] = 0
      [2] = 0
      [3] = 0
      [4] = 0
      [5] = 0
      [6] = 0
      [7] = 0
      [8] = 0
      [9] = 0
   }
   result = 2
   score = 130
   sumscore = 130
}
[core/table.lua:99]:--> Net Receive: tempitem.GS2CLoginTempItem = {}
[core/table.lua:99]:--> Net Receive: ride.GS2CPlayerRideInfo = {
   info = {
      mask = "7be"
   }
}
[core/table.lua:99]:--> Net Receive: store.GS2CLoginStoreInfo = {
   item_info = {
      [1] = {
         item_id = 300303
         limit = 1
      }
      [10] = {
         item_id = 303068
         limit = 10
      }
      [11] = {
         item_id = 301057
         limit = 1
      }
      [12] = {
         item_id = 301058
         limit = 1
      }
      [13] = {
         item_id = 303072
         limit = 10
      }
      [14] = {
         item_id = 301064
         limit = 10
      }
      [15] = {
         item_id = 301097
         limit = 30
      }
      [16] = {
         item_id = 301098
         limit = 30
      }
      [17] = {
         item_id = 301099
         limit = 30
      }
      [18] = {
         item_id = 301100
         limit = 30
      }
      [19] = {
         item_id = 301101
         limit = 1
      }
      [2] = {
         item_id = 300304
         limit = 1
      }
      [20] = {
         item_id = 301119
         limit = 1
      }
      [21] = {
         item_id = 301111
         limit = 1
      }
      [22] = {
         item_id = 301110
         limit = 1
      }
      [23] = {
         item_id = 301109
         limit = 1
      }
      [24] = {
         item_id = 301108
         limit = 1
      }
      [25] = {
         item_id = 301107
         limit = 1
      }
      [26] = {
         item_id = 301106
         limit = 1
      }
      [27] = {
         item_id = 301105
         limit = 1
      }
      [28] = {
         item_id = 301104
         limit = 1
      }
      [29] = {
         item_id = 301103
         limit = 1
      }
      [3] = {
         item_id = 301037
         limit = 5
      }
      [30] = {
         item_id = 301102
         limit = 1
      }
      [31] = {
         item_id = 303077
         limit = 10
      }
      [32] = {
         item_id = 303076
         limit = 10
      }
      [33] = {
         item_id = 303075
         limit = 10
      }
      [34] = {
         item_id = 303074
         limit = 10
      }
      [35] = {
         item_id = 303073
         limit = 10
      }
      [36] = {
         item_id = 303071
         limit = 10
      }
      [37] = {
         item_id = 303070
         limit = 10
      }
      [38] = {
         item_id = 303069
         limit = 10
      }
      [39] = {
         item_id = 301021
         limit = 5
      }
      [4] = {
         item_id = 301043
         limit = 10
      }
      [40] = {
         item_id = 301022
         limit = 200
      }
      [41] = {
         item_id = 301023
         limit = 200
      }
      [42] = {
         item_id = 301028
         limit = 999
      }
      [43] = {
         item_id = 301029
         limit = 6
      }
      [44] = {
         item_id = 301030
         limit = 6
      }
      [45] = {
         item_id = 301032
         limit = 220
      }
      [46] = {
         item_id = 300301
         limit = 10
      }
      [47] = {
         item_id = 300302
         limit = 1
      }
      [5] = {
         item_id = 301044
         limit = 5
      }
      [6] = {
         item_id = 303064
         limit = 10
      }
      [7] = {
         item_id = 303065
         limit = 10
      }
      [8] = {
         item_id = 303066
         limit = 10
      }
      [9] = {
         item_id = 303067
         limit = 10
      }
   }
}
[core/table.lua:99]:--> Net Receive: item.GS2CEquipLogin = {}
[core/table.lua:99]:--> Net Receive: summon.GS2CLoginCkSummon = {}
[core/table.lua:99]:--> Net Receive: player.GS2CUpdateStrengthenInfo = {
   mask = "6"
}
[core/table.lua:99]:--> Net Receive: mail.GS2CLoginMail = {}
[core/table.lua:99]:--> Net Receive: friend.GS2CLoginFriend = {}
[core/table.lua:99]:--> Net Receive: sysopen.GS2CLoginOpenSys = {
   open_sys = {
      [1] = "RETRIEVE_EXP"
      [10] = "WELFARE_REBATE"
      [11] = "RANSE"
      [12] = "GUIDEPAY"
      [13] = "STORE_SYS_301"
      [14] = "SOURCE_PARTNER"
      [15] = "TEMPBAG"
      [16] = "FIGHT_GIFT"
      [17] = "BORN_STORY_TASK"
      [18] = "REDPACKET"
      [19] = "STORE_SYS_302"
      [2] = "BAITAN"
      [20] = "SOURCE_GAME_TECH"
      [21] = "FMT_SYS"
      [22] = "STORE_SYS_201"
      [23] = "STORE_SYS_304"
      [24] = "CHUMO_POINT_STORE"
      [25] = "PARTNER_ZB"
      [26] = "SHANGHUI"
      [27] = "WELFARE"
      [28] = "STORE_SYS_203"
      [29] = "REDEEM_CODE"
      [3] = "SHIZHUANG"
      [30] = "SOURCE_UPGRADE_TECH"
      [31] = "RECOVERY"
      [32] = "SOURCE_EQUIP"
      [33] = "SOURCE_SUMMON"
      [34] = "SOURCE_HELP_SKILL"
      [35] = "LEADER_POINT_STORE"
      [36] = "WELFARE_COLLECT"
      [37] = "FORESHOW"
      [38] = "ADVANCE"
      [39] = "MAIL_SYS"
      [4] = "STATE"
      [40] = "PAY_SYS"
      [41] = "PARTNER_BZ"
      [42] = "STORE_SYS_204"
      [43] = "RECOMMEND"
      [44] = "ONLINE_GIFT"
      [5] = "SHOP"
      [6] = "LEITAI"
      [7] = "SOURCE_CAMBAT_SKILL"
      [8] = "SUMMON_SYS"
      [9] = "STORE_SYS_202"
   }
}
[core/table.lua:99]:--> Net Receive: newbieguide.GS2CSysOpenNotified = {}
[core/table.lua:99]:--> Net Receive: newbieguide.GS2CNewbieGuideInfo = {}
[core/table.lua:99]:<-- Net Send: newbieguide.C2GSUpdateNewbieGuideInfo = {
   exdata = "hasplay"
   mask = "4"
}
[core/global.lua:59]:<color=#ffeb04>CGuideHelpCtrl.GS2CNewbieGuideInfo</color>
[core/table.lua:99]:--> Net Receive: huodong.GS2CCaishenRefreshRewardKey = {}
[core/table.lua:99]:--> Net Receive: huodong.GS2CForeShowInfo = {
   info_list = {
      [1] = {
         content_id = 1001
         show_type = 1
      }
      [2] = {
         content_id = 2001
         show_type = 2
      }
   }
}
[core/table.lua:99]:--> Net Receive: huodong.GS2CImperialexamState = {}
[core/table.lua:99]:--> Net Receive: huodong.GS2CChargeGiftInfo = {
   gift_day_list = {
      [1] = {
         key = "gift_day_2"
      }
      [2] = {
         key = "gift_day_3"
      }
      [3] = {
         key = "gift_day_1"
      }
      [4] = {
         key = "gift_day_all"
      }
   }
   gift_goldcoin_list = {
      [1] = {
         key = "goldcoin_gift_2"
      }
      [2] = {
         key = "goldcoin_gift_1"
      }
   }
   gift_grade_list = {
      [1] = {
         key = "grade_gift2_0"
      }
      [10] = {
         key = "grade_gift1_40"
      }
      [11] = {
         key = "grade_gift1_55"
      }
      [12] = {
         key = "grade_gift1_35"
      }
      [13] = {
         key = "grade_gift2_66"
      }
      [2] = {
         key = "grade_gift2_68"
      }
      [3] = {
         key = "grade_gift2_70"
      }
      [4] = {
         key = "grade_gift1_30"
      }
      [5] = {
         key = "grade_gift2_63"
      }
      [6] = {
         key = "grade_gift1_0"
      }
      [7] = {
         key = "grade_gift1_50"
      }
      [8] = {
         key = "grade_gift1_45"
      }
      [9] = {
         key = "grade_gift1_60"
      }
   }
   mask = "e"
}
[core/table.lua:99]:--> Net Receive: huodong.GS2CRplGoldCoinGift = {}
[core/table.lua:99]:--> Net Receive: other.GS2CPayForGoldInfo = {
   goldcoin_list = {
      [1] = {
         key = "goldcoinstore_1"
      }
      [10] = {
         key = "goldcoinstore_10"
      }
      [2] = {
         key = "goldcoinstore_2"
      }
      [3] = {
         key = "goldcoinstore_3"
      }
      [4] = {
         key = "goldcoinstore_4"
      }
      [5] = {
         key = "goldcoinstore_5"
      }
      [6] = {
         key = "goldcoinstore_6"
      }
      [7] = {
         key = "goldcoinstore_7"
      }
      [8] = {
         key = "goldcoinstore_8"
      }
      [9] = {
         key = "goldcoinstore_9"
      }
   }
}
[core/table.lua:99]:--> Net Receive: huodong.GS2CCollectGiftInfo = {}
[core/table.lua:99]:--> Net Receive: huodong.GS2CGoldCoinPartyStart = {}
[core/table.lua:99]:--> Net Receive: huodong.GS2CGoldCoinPartyReward = {
   endtime = 1483909200
}
[core/table.lua:99]:--> Net Receive: huodong.GS2CDanceLeftCnt = {
   leftcnt = 6
}
[core/table.lua:99]:--> Net Receive: huodong.GS2CWelfareGiftInfo = {
   mask = "100"
}
[core/table.lua:99]:--> Net Receive: huodong.GS2CWelfareGiftInfo = {
   first_pay_gift = {
      [1] = {
         key = "first_pay_reward"
      }
      [2] = {
         key = "create_time"
         val = 1692672613
      }
      [3] = {
         key = "first_pay_extra"
      }
   }
   first_pay_gift_second = {
      [1] = {
         key = "first_pay_reward_second"
      }
      [2] = {
         key = "create_time"
         val = 1692672613
      }
      [3] = {
         key = "first_pay_extra_second"
      }
   }
   first_pay_gift_third = {
      [1] = {
         key = "first_pay_reward_third"
      }
      [2] = {
         key = "create_time"
         val = 1692672613
      }
      [3] = {
         key = "first_pay_extra_third"
      }
   }
   login_gift = {
      [1] = {
         key = "login_gift_8"
      }
      [2] = {
         key = "login_gift_1"
         val = 1
      }
      [3] = {
         key = "login_gift_2"
      }
      [4] = {
         key = "login_gift_3"
      }
      [5] = {
         key = "login_gift_7"
      }
      [6] = {
         key = "login_gift_6"
      }
      [7] = {
         key = "login_gift_4"
      }
      [8] = {
         key = "login_gift_5"
      }
   }
   mask = "1fe"
   new_day_time = 47387
   rebate_gift = {
      [1] = {
         key = "rebate_gift_200"
      }
      [2] = {
         key = "rebate_gift_10000"
      }
      [3] = {
         key = "rebate_gift_50000"
      }
      [4] = {
         key = "rebate_gift_2000"
      }
      [5] = {
         key = "rebate_gift_100000"
      }
      [6] = {
         key = "rebate_gift_20000"
      }
      [7] = {
         key = "rebate_gift_5000"
      }
      [8] = {
         key = "rebate_gift_1000"
      }
      [9] = {
         key = "rebate_gold_coin"
      }
   }
   second_pay_gift = {
      [1] = {
         key = "second_pay_reward"
      }
   }
}
[core/table.lua:99]:--> Net Receive: openui.GS2CRefreshSchedule = {
   schedule = {
      maxtimes = 35
      scheduleid = 1008
   }
}
[core/global.lua:59]:<color=#ffeb04>===============redpointSta====== false</color>
[core/table.lua:99]:--> Net Receive: huodong.GS2CFightGiftbagReward = {
   endtime = 1693238400
   rewardlist = {
      [1] = {
         rank = 100
         score = 280000
      }
      [2] = {
         rank = 100
         score = 230000
      }
      [3] = {
         rank = 100
         score = 40000
      }
      [4] = {
         rank = 100
         score = 130000
      }
      [5] = {
         rank = 100
         score = 180000
      }
      [6] = {
         rank = 100
         score = 100000
      }
      [7] = {
         rank = 100
         score = 70000
      }
   }
}
[core/table.lua:99]:--> Net Receive: huodong.GS2CKaiFuRankReward = {
   createtime = 1692672613
   orgcnt = {
      endtime = 1693929600
      rewarddata = {
         [1] = {
            flag = 80
         }
         [2] = {
            flag = 130
         }
         [3] = {
            flag = 140
         }
         [4] = {
            flag = 110
         }
         [5] = {
            flag = 120
         }
      }
   }
   orglevel = {
      endtime = 1693929600
      rewarddata = {
         [1] = {
            flag = 2
         }
         [2] = {
            flag = 3
         }
      }
   }
   playergrade = {
      endtime = 1693324800
      rewarddata = {
         [1] = {
            flag = 48
         }
         [2] = {
            flag = 43
         }
         [3] = {
            flag = 38
         }
         [4] = {
            flag = 55
         }
      }
   }
   playerscore = {
      endtime = 1693584000
      rewarddata = {
         [1] = {
            flag = 28000
         }
      }
   }
   sumendtime = 1693411200
   txendtime = 1693497600
}
[core/table.lua:99]:CCelebrationCtrl.GS2CKaiFuRankReward = {
   createtime = 1692672613
   orgcnt = {
      endtime = 1693929600
      rewarddata = {
         [1] = {
            flag = 80
         }
         [2] = {
            flag = 130
         }
         [3] = {
            flag = 140
         }
         [4] = {
            flag = 110
         }
         [5] = {
            flag = 120
         }
      }
   }
   orglevel = {
      endtime = 1693929600
      rewarddata = {
         [1] = {
            flag = 2
         }
         [2] = {
            flag = 3
         }
      }
   }
   playergrade = {
      endtime = 1693324800
      rewarddata = {
         [1] = {
            flag = 48
         }
         [2] = {
            flag = 43
         }
         [3] = {
            flag = 38
         }
         [4] = {
            flag = 55
         }
      }
   }
   playerscore = {
      endtime = 1693584000
      rewarddata = {
         [1] = {
            flag = 28000
         }
      }
   }
   sumendtime = 1693411200
   txendtime = 1693497600
}
[core/table.lua:99]:--> Net Receive: huodong.GS2COnlineGift = {
   end_time = 4070966340
   login_time = 1692672613
   start_time = 1483200000
}
[core/table.lua:99]:--> Net Receive: huodong.GS2CRetrieveExp = {}
[core/table.lua:99]:--> Net Receive: openui.GS2CRefreshAllHuodongState = {
   hdlist = {
      [1] = {
         scheduleid = 1021
         state = 2
         time = "10:30"
      }
      [2] = {
         scheduleid = 1020
         state = 1
         time = "20:30"
      }
      [3] = {
         scheduleid = 1018
         state = 1
         time = "19:15"
      }
      [4] = {
         scheduleid = 1036
         state = 2
         time = "00:00"
      }
      [5] = {
         scheduleid = 1019
         state = 1
         time = "12:45"
      }
   }
}
[core/table.lua:99]:--> Net Receive: chat.GS2CChatHistory = {}
[core/table.lua:99]:--> Net Receive: mail.GS2CLoginMail = {}
[core/table.lua:99]:--> Net Receive: mail.GS2CLoginMail = {}
[core/table.lua:99]:--> Net Receive: mail.GS2CLoginMail = {}
[core/table.lua:99]:--> Net Receive: mail.GS2CLoginMail = {}
[core/table.lua:99]:--> Net Receive: mail.GS2CLoginMail = {}
[core/table.lua:99]:--> Net Receive: mail.GS2CLoginMail = {}
[core/table.lua:99]:--> Net Receive: player.GS2CPropChange = {
   role = {
      critical_multiple = 2
      cure_power = 10
      hp = 200
      mag_attack = 80
      mag_defense = 60
      mask = "88020004047fffde00"
      max_hp = 200
      max_mp = 230
      mp = 230
      phy_attack = 100
      phy_critical_ratio = 3
      phy_defense = 50
      prop_info = {
         [1] = {
            base = 50000
            name = "phy_defense"
         }
         [2] = {
            base = 230000
            name = "max_mp"
         }
         [3] = {
            base = 200000
            name = "max_hp"
         }
         [4] = {
            base = 70000
            name = "speed"
         }
         [5] = {
            base = 100000
            name = "phy_attack"
         }
         [6] = {
            base = 80000
            name = "mag_attack"
         }
         [7] = {
            base = 60000
            name = "mag_defense"
         }
      }
      rplgoldcoin = 150000
      score = 130
      speed = 70
   }
}
[core/global.lua:59]:<color=#ffeb04>开始引导检查</color>
[core/table.lua:99]:Table = {
   task = {
      [1] = "Task1"
   }
}
[core/table.lua:99]:--> Net Receive: chat.GS2CAllForbinInfo = {}
[core/table.lua:99]:--> Net Receive: openui.GS2CSchedule = {
   curtime = 1692672614
   db_point_limit = 600
   hdlist = {
      [1] = {
         scheduleid = 1021
         state = 2
         time = "10:30"
      }
      [2] = {
         scheduleid = 1020
         state = 1
         time = "20:30"
      }
      [3] = {
         scheduleid = 1018
         state = 1
         time = "19:15"
      }
      [4] = {
         scheduleid = 1036
         state = 2
         time = "00:00"
      }
      [5] = {
         scheduleid = 1019
         state = 1
         time = "12:45"
      }
   }
   schedules = {
      [1] = {
         maxtimes = 35
         scheduleid = 1008
      }
   }
}
[core/global.lua:59]:<color=#ffeb04>===============redpointSta====== false</color>
[core/table.lua:99]:--> Net Receive: other.GS2COpSessionResponse = {
   session = "1573"
}
[core/table.lua:99]:--> Net Receive: redpacket.GS2CAll = {}
[core/table.lua:99]:CRedPacketCtrl.GS2CAll = {}
[core/global.lua:59]:<color=#ffeb04>找到新的引导类型 Task1</color>
[core/global.lua:59]:<color=#ffeb04>开始引导检查</color>
[core/table.lua:99]:Table = {
   task = {
      [1] = "Task1"
   }
}
[core/global.lua:59]:<color=#ffeb04>开始引导检查</color>
[core/table.lua:99]:Table = {
   task = {
      [1] = "Task1"
   }
}
[core/global.lua:59]:<color=#ffeb04>开始引导检查</color>
[core/table.lua:99]:Table = {
   task = {
      [1] = "Task1"
   }
}
[logic/ui/CViewBase.lua:149]:CMainMenuView LoadDone!
[core/global.lua:59]:<color=#ffeb04>执行指引 Task1_1 1</color>
[core/global.lua:59]:<color=#ffeb04>开始引导检查</color>
[core/table.lua:99]:Table = {
   task = {
      [1] = "Task1"
   }
}
[core/global.lua:59]:<color=#ffeb04>开始引导检查</color>
[core/table.lua:99]:Table = {
   task = {
      [1] = "Task1"
   }
}
[core/global.lua:59]:<color=#ffeb04>开始引导检查</color>
[core/table.lua:99]:Table = {
   task = {
      [1] = "Task1"
   }
}
[core/global.lua:59]:<color=#ffeb04>开始引导检查</color>
[core/table.lua:99]:Table = {
   task = {
      [1] = "Task1"
   }
}
[core/global.lua:59]:<color=#ffeb04>开始引导检查</color>
[core/table.lua:99]:Table = {
   task = {
      [1] = "Task1"
   }
}
[core/global.lua:59]:<color=#ffeb04>开始引导检查</color>
[core/table.lua:99]:Table = {
   task = {
      [1] = "Task1"
   }
}
[core/global.lua:59]:<color=#ffeb04>开始引导检查</color>
[core/table.lua:99]:Table = {
   task = {
      [1] = "Task1"
   }
}
[core/global.lua:59]:<color=#ffeb04>开始引导检查</color>
[core/table.lua:99]:Table = {
   task = {
      [1] = "Task1"
   }
}
[core/global.lua:59]:<color=#ffeb04>开始引导检查</color>
[core/table.lua:99]:Table = {
   task = {
      [1] = "Task1"
   }
}
[core/global.lua:59]:<color=#ffeb04>开始引导检查</color>
[core/table.lua:99]:Table = {
   task = {
      [1] = "Task1"
   }
}
[core/global.lua:59]:<color=#ffeb04>开始引导检查</color>
[core/table.lua:99]:Table = {
   task = {
      [1] = "Task1"
   }
}
[core/global.lua:59]:<color=#ffeb04>开始引导检查</color>
[core/table.lua:99]:Table = {
   task = {
      [1] = "Task1"
   }
}
[core/global.lua:59]:<color=#ffeb04>开始引导检查</color>
[core/table.lua:99]:Table = {
   task = {
      [1] = "Task1"
   }
}
[core/global.lua:59]:<color=#ffeb04>开始引导检查</color>
[core/table.lua:99]:Table = {
   task = {
      [1] = "Task1"
   }
}
[core/global.lua:59]:<color=#ffeb04>开始引导检查</color>
[core/table.lua:99]:Table = {
   task = {
      [1] = "Task1"
   }
}
[core/global.lua:59]:<color=#ffeb04>开始引导检查</color>
[core/table.lua:99]:Table = {
   task = {
      [1] = "Task1"
   }
}
[core/global.lua:59]:<color=#ffeb04>开始引导检查</color>
[core/table.lua:99]:Table = {
   task = {
      [1] = "Task1"
   }
}
[core/global.lua:59]:<color=#ffeb04>开始引导检查</color>
[core/table.lua:99]:Table = {
   task = {
      [1] = "Task1"
   }
}
[logic/task/CTaskBox.lua:297]:<color=#00FF00> >>> .OnTaskBox | 表数据查看 | 任务导航TaskBox数据输出 </color>
[core/table.lua:99]:Table = {
   classtype = {
      AceTaskAssociatedNpc = "function: 0x42742250"
      AssociatedNpc = "function: 0x42740ff0"
      AssociatedPick = "function: 0x427422b0"
      AssociatedSubmit = "function: 0x42742280"
      CheckFindItemFinish = "function: 0x427422e0"
      CheckFindSummonFinish = "function: 0x427409e0"
      GetAllowBB = "function: 0x42740b98"
      GetCValueByKey = "function: 0x42742220"
      GetIsAceTask = "function: 0x42742110"
      GetLegendTime = "function: 0x427409b0"
      GetLimitQuality = "function: 0x42740b68"
      GetProgressThing = "function: 0x42740c58"
      GetSValueByKey = "function: 0x42742178"
      GetStep = "function: 0x42740c88"
      GetTaskClientExtStrDic = "function: 0x42740a10"
      GetTaskItemPre = "function: 0x42740c28"
      IsAbandon = "function: 0x42742140"
      IsTaskSpecityAction = "function: 0x42740bc8"
      IsTaskSpecityCategory = "function: 0x42740bf8"
      New = "function: 0x42742068"
      RaiseProgressIdx = "function: 0x42740cb8"
      RefreshTask = "function: 0x42742318"
      classname = "CTask"
      ctor = "function: 0x427420e0"
   }
   m_CTaskDataGetter = "function: 0x54703a28"
   m_Finish = false
   m_SData = {
      create_time = 1692672613
      detaildesc = "此去经年，道祖法旨召门徒，惜别授业恩师"
      name = "师命"
      target = 5240
      targetdesc = "此去经年，道祖法旨召门徒，惜别授业恩师"
      taskid = 10039
      tasktype = 1
   }
   m_TaskType = {
      appenddes = "单人"
      desc = ""
      dropable = 0
      grade_limit = 0
      id = 2
      name = "主线"
      npcid = 0
      showinfo = 1
      teamsize_condi = "teamsize==0"
   }
}
[core/table.lua:99]:<-- Net Send: task.C2GSClickTask = {
   taskid = 10039
}
[core/table.lua:99]:<-- Net Send: other.C2GSOpSession = {
   session = 1777
}
[core/global.lua:59]:<color=#ffeb04>引导结束 Task1 Task1_1 1</color>
[core/table.lua:99]:<-- Net Send: newbieguide.C2GSUpdateNewbieGuideInfo = {
   guide_links = {
      [1] = {
         exdata = ""
         linkid = "Task1"
         step = 1
      }
   }
   mask = "2"
}
[logic/guide/CGuideCtrl.lua:351]:已完成引导Task1
[core/table.lua:99]:<-- Net Send: newbieguide.C2GSUpdateNewbieGuideInfo = {
   guide_links = {
      [1] = {
         exdata = ""
         linkid = "Task1"
         step = 1
      }
   }
   mask = "2"
}
[core/table.lua:99]:--> Net Receive: scene.GS2CAutoFindPath = {
   autotype = 1
   map_id = 304000
   npcid = 70
   pos_x = 4800
   pos_y = 8300
}
[core/global.lua:59]:<color=#ffeb04>停止引导检查</color>
[core/table.lua:99]:--> Net Receive: other.GS2COpSessionResponse = {
   session = "1777"
}
[logic/ui/CViewCtrl.lua:134]:CGuideView CloseView
[logic/misc/CTimeCtrl.lua:80]:同步服务器时间    2023/08/22 10:50:24
[logic/misc/CTimeCtrl.lua:38]:HeartBeat->心跳包检测正常
[logic/misc/CTimeCtrl.lua:80]:同步服务器时间    2023/08/22 10:50:34
[logic/misc/CTimeCtrl.lua:38]:HeartBeat->心跳包检测正常
[core/table.lua:99]:<-- Net Send: scene.C2GSTransfer = {
   eid = 3
   scene_id = 7
   transfer_id = 1
}
[core/table.lua:99]:<-- Net Send: other.C2GSOpSession = {
   session = 2059
}
[core/table.lua:99]:--> Net Receive: other.GS2COpSessionResponse = {
   session = "2059"
}
[core/table.lua:99]:--> Net Receive: scene.GS2CShowScene = {
   map_id = 204000
   scene_id = 16
   scene_name = "凌霄宝殿"
   x = 10970
   y = 1180
}
[core/global.lua:59]:<color=#ffeb04>剩余缓存player： 60 60</color>
[core/global.lua:59]:<color=#ffeb04>剩余缓存npc： 60 60</color>
[core/global.lua:59]:<color=#ffeb04>剩余缓存npc： 0 0</color>
[core/global.lua:59]:<color=#ffeb04>剩余缓存TaskPickItem： 0 0</color>
[core/global.lua:59]:<color=#ffeb04>剩余缓存npc： 0 0</color>
[core/table.lua:99]:mapswitch 执行缓存协议:1 true = {
   [1] = {
      [1] = "scene"
      [2] = "GS2CEnterScene"
      [3] = {
         eid = 48
         pos_info = {
            face_y = 145778
            v = 2800
            x = 10970
            y = 1180
         }
         scene_id = 16
      }
   }
}
[logic/map/CMapCtrl.lua:449]:MapLoadDone,    2040    2040    2040
[core/global.lua:59]:<color=#ffeb04>CMapCtrl.GetSpecialConfig==>警告：当前不存在的配置数据，请检查是否错误文件路径 E:/UnityProjects/Project/client/Assets/GameRes/Map2d/ConfigData/water_2040.bytes</color>
[core/global.lua:59]:<color=#ffeb04>CMapCtrl.GetSpecialConfig==>警告：当前不存在的配置数据，请检查是否错误文件路径 E:/UnityProjects/Project/client/Assets/GameRes/Map2d/ConfigData/waterline_2040.bytes</color>
[core/table.lua:99]:<-- Net Send: npc.C2GSClickNpc = {
   npcid = 636
}
[core/table.lua:99]:--> Net Receive: npc.GS2CNpcSay = {
   model_info = {
      figure = 6101
   }
   name = "GM"
   npcid = 636
   sessionidx = 1
   text = " 亿万生灵为兵，百万神魔为将，待到逆乱阴阳时，以我魔血染青天！&Q进入战斗&Q先放过你"
}
[logic/ui/CViewCtrl.lua:97]:打开界面UI:CDialogueOptionView ShowView
[logic/ui/CViewBase.lua:149]:CDialogueOptionView LoadDone!
[logic/ui/CViewCtrl.lua:134]:CDialogueOptionView CloseView
[core/table.lua:99]:<-- Net Send: npc.C2GSClickNpc = {
   npcid = 636
}
[core/table.lua:99]:--> Net Receive: npc.GS2CNpcSay = {
   model_info = {
      figure = 6101
   }
   name = "GM"
   npcid = 636
   sessionidx = 2
   text = " 亿万生灵为兵，百万神魔为将，待到逆乱阴阳时，以我魔血染青天！&Q进入战斗&Q先放过你"
}
[logic/ui/CViewCtrl.lua:97]:打开界面UI:CDialogueOptionView ShowView
[logic/ui/CViewBase.lua:149]:CDialogueOptionView LoadDone!
[core/table.lua:99]:<-- Net Send: other.C2GSCallback = {
   answer = 2
   sessionidx = 2
}
[logic/ui/CViewCtrl.lua:134]:CDialogueOptionView CloseView
[logic/ui/CViewCtrl.lua:97]:打开界面UI:CWelfareView ShowView
[core/table.lua:99]:Table = {
   [1] = {
      idx = 5
      key = "OnlineGift"
   }
   [2] = {
      idx = 7
      key = "FightGift"
   }
   [3] = {
      idx = 12
      key = "Exchange"
   }
}
[logic/ui/CViewBase.lua:149]:CWelfareView LoadDone!
[logic/misc/CTimeCtrl.lua:80]:同步服务器时间    2023/08/22 10:50:44
[logic/misc/CTimeCtrl.lua:38]:HeartBeat->心跳包检测正常
[logic/ui/CViewCtrl.lua:134]:CWelfareView CloseView
[logic/ui/CViewCtrl.lua:134]:CFortuneView CloseView
[logic/ui/CViewCtrl.lua:97]:打开界面UI:CNpcShopMainView ShowView
[logic/ui/CViewBase.lua:149]:CNpcShopMainView LoadDone!
[logic/ui/CViewCtrl.lua:134]:CNpcShopMainView CloseView
[logic/misc/CTimeCtrl.lua:80]:同步服务器时间    2023/08/22 10:50:54
[logic/misc/CTimeCtrl.lua:38]:HeartBeat->心跳包检测正常
[logic/ui/CViewCtrl.lua:97]:打开界面UI:CAttrMainView ShowView
[logic/ui/CViewBase.lua:149]:CAttrMainView LoadDone!
[logic/ui/CViewCtrl.lua:97]:打开界面UI:CWindowInstructionView ShowView
[logic/ui/CViewBase.lua:149]:CWindowInstructionView LoadDone!
[logic/ui/CViewCtrl.lua:134]:CWindowInstructionView CloseView
[logic/misc/CTimeCtrl.lua:80]:同步服务器时间    2023/08/22 10:51:05
[logic/misc/CTimeCtrl.lua:38]:HeartBeat->心跳包检测正常
[logic/ui/CViewCtrl.lua:97]:打开界面UI:CWindowComfirmView ShowView
